LOCALAPPDATA=C:\Users\arina\AppData\Local
Found with vswhere C:\Program Files (x86)\Microsoft Visual Studio\2017\BuildTools
Found with vswhere C:\Program Files (x86)\Microsoft Visual Studio\2017\BuildTools
###
### Using 'vc142' toolset.
###

d:\sdk\boost_1_72_0\tools\build\src\engine>cl /nologo /Zi /MT /TP /Feb2 /wd4996 /Ox /GL   -DNDEBUG  builtins.cpp class.cpp command.cpp compile.cpp constants.cpp cwd.cpp debug.cpp debugger.cpp execcmd.cpp execnt.cpp filent.cpp filesys.cpp frames.cpp function.cpp glob.cpp hash.cpp hcache.cpp hdrmacro.cpp headers.cpp jam.cpp jambase.cpp jamgram.cpp lists.cpp make.cpp make1.cpp md5.cpp mem.cpp modules.cpp native.cpp object.cpp option.cpp output.cpp parse.cpp pathnt.cpp pathsys.cpp regexp.cpp rules.cpp scan.cpp search.cpp strings.cpp subst.cpp sysinfo.cpp timestamp.cpp variable.cpp w32_getreg.cpp modules/order.cpp modules/path.cpp modules/property-set.cpp modules/regex.cpp modules/sequence.cpp modules/set.cpp /link kernel32.lib advapi32.lib user32.lib 
builtins.cpp
class.cpp
command.cpp
compile.cpp
constants.cpp
cwd.cpp
debug.cpp
debugger.cpp
execcmd.cpp
execnt.cpp
filent.cpp
filesys.cpp
frames.cpp
function.cpp
glob.cpp
hash.cpp
hcache.cpp
hdrmacro.cpp
headers.cpp
jam.cpp
Компиляция...
jambase.cpp
jamgram.cpp
lists.cpp
make.cpp
make1.cpp
md5.cpp
mem.cpp
modules.cpp
native.cpp
object.cpp
option.cpp
output.cpp
parse.cpp
pathnt.cpp
pathsys.cpp
regexp.cpp
rules.cpp
scan.cpp
search.cpp
strings.cpp
Компиляция...
subst.cpp
sysinfo.cpp
timestamp.cpp
variable.cpp
w32_getreg.cpp
order.cpp
path.cpp
property-set.cpp
regex.cpp
sequence.cpp
set.cpp
╤ючфрэшх ъюфр
╤ючфрэшх ъюфр чртхЁ°хэю

d:\sdk\boost_1_72_0\tools\build\src\engine>dir *.exe 
 Том в устройстве D имеет метку Локальный диск
 Серийный номер тома: 8EFA-F571

 Содержимое папки d:\sdk\boost_1_72_0\tools\build\src\engine

10.02.2020  23:39           885 760 b2.exe
               1 файлов        885 760 байт
               0 папок  292 014 481 408 байт свободно

d:\sdk\boost_1_72_0\tools\build\src\engine>copy /b .\b2.exe .\bjam.exe 
Скопировано файлов:         1.
